[30-Jul-2025 12:47:14 UTC] Xdebug: [Step Debug] Could not connect to debugging client. Tried: 0.0.0.0:0 (through xdebug.client_host/xdebug.client_port).
[30-Jul-2025 12:55:04 UTC] Xdebug: [Step Debug] Could not connect to debugging client. Tried: 0.0.0.0:0 (through xdebug.client_host/xdebug.client_port).
[31-Jul-2025 11:09:32 UTC] PHP Warning:  preg_replace(): Empty regular expression in /home/rbialozyt/VisualStudio-Zotero/index.php on line 164
[31-Jul-2025 11:10:47 UTC] PHP Fatal error:  Uncaught Error: Call to undefined function tolower() in /home/rbialozyt/VisualStudio-Zotero/index.php:165
Stack trace:
#0 {main}
  thrown in /home/rbialozyt/VisualStudio-Zotero/index.php on line 165
[31-Jul-2025 11:11:02 UTC] PHP Fatal error:  Uncaught Error: Call to undefined function toLower() in /home/rbialozyt/VisualStudio-Zotero/index.php:165
Stack trace:
#0 {main}
  thrown in /home/rbialozyt/VisualStudio-Zotero/index.php on line 165
[31-Jul-2025 12:40:59 UTC] PHP Warning:  preg_match(): Delimiter must not be alphanumeric, backslash, or NUL in /home/rbialozyt/VisualStudio-Zotero/index.php on line 174
[31-Jul-2025 12:40:59 UTC] PHP Warning:  preg_match(): Delimiter must not be alphanumeric, backslash, or NUL in /home/rbialozyt/VisualStudio-Zotero/index.php on line 174
[31-Jul-2025 12:40:59 UTC] PHP Warning:  preg_match(): Delimiter must not be alphanumeric, backslash, or NUL in /home/rbialozyt/VisualStudio-Zotero/index.php on line 174
[31-Jul-2025 12:40:59 UTC] PHP Warning:  preg_match(): Delimiter must not be alphanumeric, backslash, or NUL in /home/rbialozyt/VisualStudio-Zotero/index.php on line 174
[31-Jul-2025 12:40:59 UTC] PHP Warning:  preg_match(): Delimiter must not be alphanumeric, backslash, or NUL in /home/rbialozyt/VisualStudio-Zotero/index.php on line 174
[31-Jul-2025 12:40:59 UTC] PHP Warning:  preg_match(): Delimiter must not be alphanumeric, backslash, or NUL in /home/rbialozyt/VisualStudio-Zotero/index.php on line 174
[31-Jul-2025 12:40:59 UTC] PHP Warning:  preg_match(): Delimiter must not be alphanumeric, backslash, or NUL in /home/rbialozyt/VisualStudio-Zotero/index.php on line 174
[31-Jul-2025 12:40:59 UTC] PHP Warning:  preg_match(): Delimiter must not be alphanumeric, backslash, or NUL in /home/rbialozyt/VisualStudio-Zotero/index.php on line 174
[31-Jul-2025 12:40:59 UTC] PHP Warning:  preg_match(): Delimiter must not be alphanumeric, backslash, or NUL in /home/rbialozyt/VisualStudio-Zotero/index.php on line 174
[31-Jul-2025 12:40:59 UTC] PHP Warning:  preg_match(): Delimiter must not be alphanumeric, backslash, or NUL in /home/rbialozyt/VisualStudio-Zotero/index.php on line 174
[31-Jul-2025 12:40:59 UTC] PHP Warning:  preg_match(): Delimiter must not be alphanumeric, backslash, or NUL in /home/rbialozyt/VisualStudio-Zotero/index.php on line 174
[31-Jul-2025 12:40:59 UTC] PHP Warning:  preg_match(): Delimiter must not be alphanumeric, backslash, or NUL in /home/rbialozyt/VisualStudio-Zotero/index.php on line 174
[31-Jul-2025 12:40:59 UTC] PHP Warning:  preg_match(): Delimiter must not be alphanumeric, backslash, or NUL in /home/rbialozyt/VisualStudio-Zotero/index.php on line 174
[31-Jul-2025 12:40:59 UTC] PHP Warning:  preg_match(): Delimiter must not be alphanumeric, backslash, or NUL in /home/rbialozyt/VisualStudio-Zotero/index.php on line 174
[31-Jul-2025 12:40:59 UTC] PHP Warning:  preg_match(): Delimiter must not be alphanumeric, backslash, or NUL in /home/rbialozyt/VisualStudio-Zotero/index.php on line 174
[31-Jul-2025 12:40:59 UTC] PHP Warning:  preg_match(): Delimiter must not be alphanumeric, backslash, or NUL in /home/rbialozyt/VisualStudio-Zotero/index.php on line 174
[31-Jul-2025 12:40:59 UTC] PHP Warning:  preg_match(): Delimiter must not be alphanumeric, backslash, or NUL in /home/rbialozyt/VisualStudio-Zotero/index.php on line 174
[31-Jul-2025 12:40:59 UTC] PHP Warning:  preg_match(): Delimiter must not be alphanumeric, backslash, or NUL in /home/rbialozyt/VisualStudio-Zotero/index.php on line 174
[31-Jul-2025 12:40:59 UTC] PHP Warning:  preg_match(): Delimiter must not be alphanumeric, backslash, or NUL in /home/rbialozyt/VisualStudio-Zotero/index.php on line 174
[31-Jul-2025 12:40:59 UTC] PHP Warning:  preg_match(): Delimiter must not be alphanumeric, backslash, or NUL in /home/rbialozyt/VisualStudio-Zotero/index.php on line 174
[31-Jul-2025 12:40:59 UTC] PHP Warning:  preg_match(): Delimiter must not be alphanumeric, backslash, or NUL in /home/rbialozyt/VisualStudio-Zotero/index.php on line 174
[31-Jul-2025 12:40:59 UTC] PHP Warning:  preg_match(): Delimiter must not be alphanumeric, backslash, or NUL in /home/rbialozyt/VisualStudio-Zotero/index.php on line 174
[31-Jul-2025 12:40:59 UTC] PHP Warning:  preg_match(): Delimiter must not be alphanumeric, backslash, or NUL in /home/rbialozyt/VisualStudio-Zotero/index.php on line 174
[31-Jul-2025 12:40:59 UTC] PHP Warning:  preg_match(): Delimiter must not be alphanumeric, backslash, or NUL in /home/rbialozyt/VisualStudio-Zotero/index.php on line 174
[31-Jul-2025 12:40:59 UTC] PHP Warning:  preg_match(): Delimiter must not be alphanumeric, backslash, or NUL in /home/rbialozyt/VisualStudio-Zotero/index.php on line 174
[31-Jul-2025 12:40:59 UTC] PHP Warning:  preg_match(): Delimiter must not be alphanumeric, backslash, or NUL in /home/rbialozyt/VisualStudio-Zotero/index.php on line 174
[31-Jul-2025 12:40:59 UTC] PHP Warning:  preg_match(): Delimiter must not be alphanumeric, backslash, or NUL in /home/rbialozyt/VisualStudio-Zotero/index.php on line 174
[31-Jul-2025 12:40:59 UTC] PHP Warning:  preg_match(): Delimiter must not be alphanumeric, backslash, or NUL in /home/rbialozyt/VisualStudio-Zotero/index.php on line 174
[31-Jul-2025 12:40:59 UTC] PHP Warning:  preg_match(): Delimiter must not be alphanumeric, backslash, or NUL in /home/rbialozyt/VisualStudio-Zotero/index.php on line 174
[31-Jul-2025 12:40:59 UTC] PHP Warning:  preg_match(): Delimiter must not be alphanumeric, backslash, or NUL in /home/rbialozyt/VisualStudio-Zotero/index.php on line 174
[31-Jul-2025 12:40:59 UTC] PHP Warning:  preg_match(): Delimiter must not be alphanumeric, backslash, or NUL in /home/rbialozyt/VisualStudio-Zotero/index.php on line 174
[31-Jul-2025 12:40:59 UTC] PHP Warning:  preg_match(): Delimiter must not be alphanumeric, backslash, or NUL in /home/rbialozyt/VisualStudio-Zotero/index.php on line 174
[31-Jul-2025 12:40:59 UTC] PHP Warning:  preg_match(): Delimiter must not be alphanumeric, backslash, or NUL in /home/rbialozyt/VisualStudio-Zotero/index.php on line 174
[31-Jul-2025 12:40:59 UTC] PHP Warning:  preg_match(): Delimiter must not be alphanumeric, backslash, or NUL in /home/rbialozyt/VisualStudio-Zotero/index.php on line 174
[31-Jul-2025 12:40:59 UTC] PHP Warning:  preg_match(): Delimiter must not be alphanumeric, backslash, or NUL in /home/rbialozyt/VisualStudio-Zotero/index.php on line 174
[31-Jul-2025 12:40:59 UTC] PHP Warning:  preg_match(): Delimiter must not be alphanumeric, backslash, or NUL in /home/rbialozyt/VisualStudio-Zotero/index.php on line 174
[31-Jul-2025 12:40:59 UTC] PHP Warning:  preg_match(): Delimiter must not be alphanumeric, backslash, or NUL in /home/rbialozyt/VisualStudio-Zotero/index.php on line 174
[31-Jul-2025 12:40:59 UTC] PHP Warning:  preg_match(): Delimiter must not be alphanumeric, backslash, or NUL in /home/rbialozyt/VisualStudio-Zotero/index.php on line 174
[31-Jul-2025 12:40:59 UTC] PHP Warning:  preg_match(): Delimiter must not be alphanumeric, backslash, or NUL in /home/rbialozyt/VisualStudio-Zotero/index.php on line 174
[31-Jul-2025 12:40:59 UTC] PHP Warning:  preg_match(): Delimiter must not be alphanumeric, backslash, or NUL in /home/rbialozyt/VisualStudio-Zotero/index.php on line 174
[31-Jul-2025 12:40:59 UTC] PHP Warning:  preg_match(): Delimiter must not be alphanumeric, backslash, or NUL in /home/rbialozyt/VisualStudio-Zotero/index.php on line 174
[31-Jul-2025 12:40:59 UTC] PHP Warning:  preg_match(): Delimiter must not be alphanumeric, backslash, or NUL in /home/rbialozyt/VisualStudio-Zotero/index.php on line 174
[31-Jul-2025 12:40:59 UTC] PHP Warning:  preg_match(): Delimiter must not be alphanumeric, backslash, or NUL in /home/rbialozyt/VisualStudio-Zotero/index.php on line 174
[31-Jul-2025 12:40:59 UTC] PHP Warning:  preg_match(): Delimiter must not be alphanumeric, backslash, or NUL in /home/rbialozyt/VisualStudio-Zotero/index.php on line 174
[31-Jul-2025 12:40:59 UTC] PHP Warning:  preg_match(): Delimiter must not be alphanumeric, backslash, or NUL in /home/rbialozyt/VisualStudio-Zotero/index.php on line 174
[31-Jul-2025 12:40:59 UTC] PHP Warning:  preg_match(): Delimiter must not be alphanumeric, backslash, or NUL in /home/rbialozyt/VisualStudio-Zotero/index.php on line 174
[31-Jul-2025 12:40:59 UTC] PHP Warning:  preg_match(): Delimiter must not be alphanumeric, backslash, or NUL in /home/rbialozyt/VisualStudio-Zotero/index.php on line 174
[31-Jul-2025 12:40:59 UTC] PHP Warning:  preg_match(): Delimiter must not be alphanumeric, backslash, or NUL in /home/rbialozyt/VisualStudio-Zotero/index.php on line 174
[31-Jul-2025 12:40:59 UTC] PHP Warning:  preg_match(): Delimiter must not be alphanumeric, backslash, or NUL in /home/rbialozyt/VisualStudio-Zotero/index.php on line 174
[31-Jul-2025 12:40:59 UTC] PHP Warning:  preg_match(): Delimiter must not be alphanumeric, backslash, or NUL in /home/rbialozyt/VisualStudio-Zotero/index.php on line 174
[31-Jul-2025 12:40:59 UTC] PHP Warning:  preg_match(): Delimiter must not be alphanumeric, backslash, or NUL in /home/rbialozyt/VisualStudio-Zotero/index.php on line 174
[31-Jul-2025 12:40:59 UTC] PHP Warning:  preg_match(): Delimiter must not be alphanumeric, backslash, or NUL in /home/rbialozyt/VisualStudio-Zotero/index.php on line 174
[31-Jul-2025 12:40:59 UTC] PHP Warning:  preg_match(): Delimiter must not be alphanumeric, backslash, or NUL in /home/rbialozyt/VisualStudio-Zotero/index.php on line 174
[31-Jul-2025 12:40:59 UTC] PHP Warning:  preg_match(): Delimiter must not be alphanumeric, backslash, or NUL in /home/rbialozyt/VisualStudio-Zotero/index.php on line 174
[31-Jul-2025 12:40:59 UTC] PHP Warning:  preg_match(): Delimiter must not be alphanumeric, backslash, or NUL in /home/rbialozyt/VisualStudio-Zotero/index.php on line 174
[31-Jul-2025 12:40:59 UTC] PHP Warning:  preg_match(): Delimiter must not be alphanumeric, backslash, or NUL in /home/rbialozyt/VisualStudio-Zotero/index.php on line 174
[31-Jul-2025 12:40:59 UTC] PHP Warning:  preg_match(): Delimiter must not be alphanumeric, backslash, or NUL in /home/rbialozyt/VisualStudio-Zotero/index.php on line 174
[31-Jul-2025 12:40:59 UTC] PHP Warning:  preg_match(): Delimiter must not be alphanumeric, backslash, or NUL in /home/rbialozyt/VisualStudio-Zotero/index.php on line 174
[31-Jul-2025 12:40:59 UTC] PHP Warning:  preg_match(): Delimiter must not be alphanumeric, backslash, or NUL in /home/rbialozyt/VisualStudio-Zotero/index.php on line 174
[31-Jul-2025 12:40:59 UTC] PHP Warning:  preg_match(): Delimiter must not be alphanumeric, backslash, or NUL in /home/rbialozyt/VisualStudio-Zotero/index.php on line 174
[31-Jul-2025 12:40:59 UTC] PHP Warning:  preg_match(): Delimiter must not be alphanumeric, backslash, or NUL in /home/rbialozyt/VisualStudio-Zotero/index.php on line 174
[31-Jul-2025 12:40:59 UTC] PHP Warning:  preg_match(): Delimiter must not be alphanumeric, backslash, or NUL in /home/rbialozyt/VisualStudio-Zotero/index.php on line 174
[31-Jul-2025 12:40:59 UTC] PHP Warning:  preg_match(): Delimiter must not be alphanumeric, backslash, or NUL in /home/rbialozyt/VisualStudio-Zotero/index.php on line 174
[31-Jul-2025 12:40:59 UTC] PHP Warning:  preg_match(): Delimiter must not be alphanumeric, backslash, or NUL in /home/rbialozyt/VisualStudio-Zotero/index.php on line 174
[31-Jul-2025 12:40:59 UTC] PHP Warning:  preg_match(): Delimiter must not be alphanumeric, backslash, or NUL in /home/rbialozyt/VisualStudio-Zotero/index.php on line 174
[31-Jul-2025 12:40:59 UTC] PHP Warning:  preg_match(): Delimiter must not be alphanumeric, backslash, or NUL in /home/rbialozyt/VisualStudio-Zotero/index.php on line 174
[31-Jul-2025 12:40:59 UTC] PHP Warning:  preg_match(): Delimiter must not be alphanumeric, backslash, or NUL in /home/rbialozyt/VisualStudio-Zotero/index.php on line 174
[31-Jul-2025 12:40:59 UTC] PHP Warning:  preg_match(): Delimiter must not be alphanumeric, backslash, or NUL in /home/rbialozyt/VisualStudio-Zotero/index.php on line 174
[31-Jul-2025 12:40:59 UTC] PHP Warning:  preg_match(): Delimiter must not be alphanumeric, backslash, or NUL in /home/rbialozyt/VisualStudio-Zotero/index.php on line 174
[31-Jul-2025 12:40:59 UTC] PHP Warning:  preg_match(): Delimiter must not be alphanumeric, backslash, or NUL in /home/rbialozyt/VisualStudio-Zotero/index.php on line 174
[31-Jul-2025 12:40:59 UTC] PHP Warning:  preg_match(): Delimiter must not be alphanumeric, backslash, or NUL in /home/rbialozyt/VisualStudio-Zotero/index.php on line 174
[31-Jul-2025 12:47:15 UTC] PHP Warning:  preg_match(): Delimiter must not be alphanumeric, backslash, or NUL in /home/rbialozyt/VisualStudio-Zotero/index.php on line 174
[31-Jul-2025 12:47:15 UTC] PHP Fatal error:  Uncaught Error: Undefined constant "title" in /home/rbialozyt/VisualStudio-Zotero/index.php:177
Stack trace:
#0 {main}
  thrown in /home/rbialozyt/VisualStudio-Zotero/index.php on line 177
[31-Jul-2025 12:48:57 UTC] PHP Warning:  preg_match(): Delimiter must not be alphanumeric, backslash, or NUL in /home/rbialozyt/VisualStudio-Zotero/index.php on line 174
[31-Jul-2025 12:48:57 UTC] PHP Warning:  preg_match(): Delimiter must not be alphanumeric, backslash, or NUL in /home/rbialozyt/VisualStudio-Zotero/index.php on line 174
[31-Jul-2025 12:48:57 UTC] PHP Warning:  preg_match(): Delimiter must not be alphanumeric, backslash, or NUL in /home/rbialozyt/VisualStudio-Zotero/index.php on line 174
[31-Jul-2025 12:48:57 UTC] PHP Warning:  preg_match(): Delimiter must not be alphanumeric, backslash, or NUL in /home/rbialozyt/VisualStudio-Zotero/index.php on line 174
[31-Jul-2025 12:48:57 UTC] PHP Warning:  preg_match(): Delimiter must not be alphanumeric, backslash, or NUL in /home/rbialozyt/VisualStudio-Zotero/index.php on line 174
[31-Jul-2025 12:48:57 UTC] PHP Warning:  preg_match(): Delimiter must not be alphanumeric, backslash, or NUL in /home/rbialozyt/VisualStudio-Zotero/index.php on line 174
[31-Jul-2025 12:48:57 UTC] PHP Warning:  preg_match(): Delimiter must not be alphanumeric, backslash, or NUL in /home/rbialozyt/VisualStudio-Zotero/index.php on line 174
[31-Jul-2025 12:48:57 UTC] PHP Warning:  preg_match(): Delimiter must not be alphanumeric, backslash, or NUL in /home/rbialozyt/VisualStudio-Zotero/index.php on line 174
[31-Jul-2025 12:48:57 UTC] PHP Warning:  preg_match(): Delimiter must not be alphanumeric, backslash, or NUL in /home/rbialozyt/VisualStudio-Zotero/index.php on line 174
[31-Jul-2025 12:48:57 UTC] PHP Warning:  preg_match(): Delimiter must not be alphanumeric, backslash, or NUL in /home/rbialozyt/VisualStudio-Zotero/index.php on line 174
[31-Jul-2025 12:48:57 UTC] PHP Warning:  preg_match(): Delimiter must not be alphanumeric, backslash, or NUL in /home/rbialozyt/VisualStudio-Zotero/index.php on line 174
[31-Jul-2025 12:48:57 UTC] PHP Warning:  preg_match(): Delimiter must not be alphanumeric, backslash, or NUL in /home/rbialozyt/VisualStudio-Zotero/index.php on line 174
[31-Jul-2025 12:48:57 UTC] PHP Warning:  preg_match(): Delimiter must not be alphanumeric, backslash, or NUL in /home/rbialozyt/VisualStudio-Zotero/index.php on line 174
[31-Jul-2025 12:48:57 UTC] PHP Warning:  preg_match(): Delimiter must not be alphanumeric, backslash, or NUL in /home/rbialozyt/VisualStudio-Zotero/index.php on line 174
[31-Jul-2025 12:48:57 UTC] PHP Warning:  preg_match(): Delimiter must not be alphanumeric, backslash, or NUL in /home/rbialozyt/VisualStudio-Zotero/index.php on line 174
[31-Jul-2025 12:48:57 UTC] PHP Warning:  preg_match(): Delimiter must not be alphanumeric, backslash, or NUL in /home/rbialozyt/VisualStudio-Zotero/index.php on line 174
[31-Jul-2025 12:48:57 UTC] PHP Warning:  preg_match(): Delimiter must not be alphanumeric, backslash, or NUL in /home/rbialozyt/VisualStudio-Zotero/index.php on line 174
[31-Jul-2025 12:48:57 UTC] PHP Warning:  preg_match(): Delimiter must not be alphanumeric, backslash, or NUL in /home/rbialozyt/VisualStudio-Zotero/index.php on line 174
[31-Jul-2025 12:48:57 UTC] PHP Warning:  preg_match(): Delimiter must not be alphanumeric, backslash, or NUL in /home/rbialozyt/VisualStudio-Zotero/index.php on line 174
[31-Jul-2025 12:48:57 UTC] PHP Warning:  preg_match(): Delimiter must not be alphanumeric, backslash, or NUL in /home/rbialozyt/VisualStudio-Zotero/index.php on line 174
[31-Jul-2025 12:48:57 UTC] PHP Warning:  preg_match(): Delimiter must not be alphanumeric, backslash, or NUL in /home/rbialozyt/VisualStudio-Zotero/index.php on line 174
[31-Jul-2025 12:48:57 UTC] PHP Warning:  preg_match(): Delimiter must not be alphanumeric, backslash, or NUL in /home/rbialozyt/VisualStudio-Zotero/index.php on line 174
[31-Jul-2025 12:48:57 UTC] PHP Warning:  preg_match(): Delimiter must not be alphanumeric, backslash, or NUL in /home/rbialozyt/VisualStudio-Zotero/index.php on line 174
[31-Jul-2025 12:48:57 UTC] PHP Warning:  preg_match(): Delimiter must not be alphanumeric, backslash, or NUL in /home/rbialozyt/VisualStudio-Zotero/index.php on line 174
[31-Jul-2025 12:48:57 UTC] PHP Warning:  preg_match(): Delimiter must not be alphanumeric, backslash, or NUL in /home/rbialozyt/VisualStudio-Zotero/index.php on line 174
[31-Jul-2025 12:48:57 UTC] PHP Warning:  preg_match(): Delimiter must not be alphanumeric, backslash, or NUL in /home/rbialozyt/VisualStudio-Zotero/index.php on line 174
[31-Jul-2025 12:48:57 UTC] PHP Warning:  preg_match(): Delimiter must not be alphanumeric, backslash, or NUL in /home/rbialozyt/VisualStudio-Zotero/index.php on line 174
[31-Jul-2025 12:48:57 UTC] PHP Warning:  preg_match(): Delimiter must not be alphanumeric, backslash, or NUL in /home/rbialozyt/VisualStudio-Zotero/index.php on line 174
[31-Jul-2025 12:48:57 UTC] PHP Warning:  preg_match(): Delimiter must not be alphanumeric, backslash, or NUL in /home/rbialozyt/VisualStudio-Zotero/index.php on line 174
[31-Jul-2025 12:48:57 UTC] PHP Warning:  preg_match(): Delimiter must not be alphanumeric, backslash, or NUL in /home/rbialozyt/VisualStudio-Zotero/index.php on line 174
[31-Jul-2025 12:48:57 UTC] PHP Warning:  preg_match(): Delimiter must not be alphanumeric, backslash, or NUL in /home/rbialozyt/VisualStudio-Zotero/index.php on line 174
[31-Jul-2025 12:48:57 UTC] PHP Warning:  preg_match(): Delimiter must not be alphanumeric, backslash, or NUL in /home/rbialozyt/VisualStudio-Zotero/index.php on line 174
[31-Jul-2025 12:48:57 UTC] PHP Warning:  preg_match(): Delimiter must not be alphanumeric, backslash, or NUL in /home/rbialozyt/VisualStudio-Zotero/index.php on line 174
[31-Jul-2025 12:48:57 UTC] PHP Warning:  preg_match(): Delimiter must not be alphanumeric, backslash, or NUL in /home/rbialozyt/VisualStudio-Zotero/index.php on line 174
[31-Jul-2025 12:48:57 UTC] PHP Warning:  preg_match(): Delimiter must not be alphanumeric, backslash, or NUL in /home/rbialozyt/VisualStudio-Zotero/index.php on line 174
[31-Jul-2025 12:48:57 UTC] PHP Warning:  preg_match(): Delimiter must not be alphanumeric, backslash, or NUL in /home/rbialozyt/VisualStudio-Zotero/index.php on line 174
[31-Jul-2025 12:48:57 UTC] PHP Warning:  preg_match(): Delimiter must not be alphanumeric, backslash, or NUL in /home/rbialozyt/VisualStudio-Zotero/index.php on line 174
[31-Jul-2025 12:48:57 UTC] PHP Warning:  preg_match(): Delimiter must not be alphanumeric, backslash, or NUL in /home/rbialozyt/VisualStudio-Zotero/index.php on line 174
[31-Jul-2025 12:48:57 UTC] PHP Warning:  preg_match(): Delimiter must not be alphanumeric, backslash, or NUL in /home/rbialozyt/VisualStudio-Zotero/index.php on line 174
[31-Jul-2025 12:48:57 UTC] PHP Warning:  preg_match(): Delimiter must not be alphanumeric, backslash, or NUL in /home/rbialozyt/VisualStudio-Zotero/index.php on line 174
[31-Jul-2025 12:48:57 UTC] PHP Warning:  preg_match(): Delimiter must not be alphanumeric, backslash, or NUL in /home/rbialozyt/VisualStudio-Zotero/index.php on line 174
[31-Jul-2025 12:48:57 UTC] PHP Warning:  preg_match(): Delimiter must not be alphanumeric, backslash, or NUL in /home/rbialozyt/VisualStudio-Zotero/index.php on line 174
[31-Jul-2025 12:48:57 UTC] PHP Warning:  preg_match(): Delimiter must not be alphanumeric, backslash, or NUL in /home/rbialozyt/VisualStudio-Zotero/index.php on line 174
[31-Jul-2025 12:48:57 UTC] PHP Warning:  preg_match(): Delimiter must not be alphanumeric, backslash, or NUL in /home/rbialozyt/VisualStudio-Zotero/index.php on line 174
[31-Jul-2025 12:48:57 UTC] PHP Warning:  preg_match(): Delimiter must not be alphanumeric, backslash, or NUL in /home/rbialozyt/VisualStudio-Zotero/index.php on line 174
[31-Jul-2025 12:48:57 UTC] PHP Warning:  preg_match(): Delimiter must not be alphanumeric, backslash, or NUL in /home/rbialozyt/VisualStudio-Zotero/index.php on line 174
[31-Jul-2025 12:48:57 UTC] PHP Warning:  preg_match(): Delimiter must not be alphanumeric, backslash, or NUL in /home/rbialozyt/VisualStudio-Zotero/index.php on line 174
[31-Jul-2025 12:48:57 UTC] PHP Warning:  preg_match(): Delimiter must not be alphanumeric, backslash, or NUL in /home/rbialozyt/VisualStudio-Zotero/index.php on line 174
[31-Jul-2025 12:48:57 UTC] PHP Warning:  preg_match(): Delimiter must not be alphanumeric, backslash, or NUL in /home/rbialozyt/VisualStudio-Zotero/index.php on line 174
[31-Jul-2025 12:48:57 UTC] PHP Warning:  preg_match(): Delimiter must not be alphanumeric, backslash, or NUL in /home/rbialozyt/VisualStudio-Zotero/index.php on line 174
[31-Jul-2025 12:48:57 UTC] PHP Warning:  preg_match(): Delimiter must not be alphanumeric, backslash, or NUL in /home/rbialozyt/VisualStudio-Zotero/index.php on line 174
[31-Jul-2025 12:48:57 UTC] PHP Warning:  preg_match(): Delimiter must not be alphanumeric, backslash, or NUL in /home/rbialozyt/VisualStudio-Zotero/index.php on line 174
[31-Jul-2025 12:48:57 UTC] PHP Warning:  preg_match(): Delimiter must not be alphanumeric, backslash, or NUL in /home/rbialozyt/VisualStudio-Zotero/index.php on line 174
[31-Jul-2025 12:48:57 UTC] PHP Warning:  preg_match(): Delimiter must not be alphanumeric, backslash, or NUL in /home/rbialozyt/VisualStudio-Zotero/index.php on line 174
[31-Jul-2025 12:48:57 UTC] PHP Warning:  preg_match(): Delimiter must not be alphanumeric, backslash, or NUL in /home/rbialozyt/VisualStudio-Zotero/index.php on line 174
[31-Jul-2025 12:48:57 UTC] PHP Warning:  preg_match(): Delimiter must not be alphanumeric, backslash, or NUL in /home/rbialozyt/VisualStudio-Zotero/index.php on line 174
[31-Jul-2025 12:48:57 UTC] PHP Warning:  preg_match(): Delimiter must not be alphanumeric, backslash, or NUL in /home/rbialozyt/VisualStudio-Zotero/index.php on line 174
[31-Jul-2025 12:48:57 UTC] PHP Warning:  preg_match(): Delimiter must not be alphanumeric, backslash, or NUL in /home/rbialozyt/VisualStudio-Zotero/index.php on line 174
[31-Jul-2025 12:48:57 UTC] PHP Warning:  preg_match(): Delimiter must not be alphanumeric, backslash, or NUL in /home/rbialozyt/VisualStudio-Zotero/index.php on line 174
[31-Jul-2025 12:48:57 UTC] PHP Warning:  preg_match(): Delimiter must not be alphanumeric, backslash, or NUL in /home/rbialozyt/VisualStudio-Zotero/index.php on line 174
[31-Jul-2025 12:48:57 UTC] PHP Warning:  preg_match(): Delimiter must not be alphanumeric, backslash, or NUL in /home/rbialozyt/VisualStudio-Zotero/index.php on line 174
[31-Jul-2025 12:48:57 UTC] PHP Warning:  preg_match(): Delimiter must not be alphanumeric, backslash, or NUL in /home/rbialozyt/VisualStudio-Zotero/index.php on line 174
[31-Jul-2025 12:48:57 UTC] PHP Warning:  preg_match(): Delimiter must not be alphanumeric, backslash, or NUL in /home/rbialozyt/VisualStudio-Zotero/index.php on line 174
[31-Jul-2025 12:48:57 UTC] PHP Warning:  preg_match(): Delimiter must not be alphanumeric, backslash, or NUL in /home/rbialozyt/VisualStudio-Zotero/index.php on line 174
[31-Jul-2025 12:48:57 UTC] PHP Warning:  preg_match(): Delimiter must not be alphanumeric, backslash, or NUL in /home/rbialozyt/VisualStudio-Zotero/index.php on line 174
[31-Jul-2025 12:48:57 UTC] PHP Warning:  preg_match(): Delimiter must not be alphanumeric, backslash, or NUL in /home/rbialozyt/VisualStudio-Zotero/index.php on line 174
[31-Jul-2025 12:48:57 UTC] PHP Warning:  preg_match(): Delimiter must not be alphanumeric, backslash, or NUL in /home/rbialozyt/VisualStudio-Zotero/index.php on line 174
[31-Jul-2025 12:48:57 UTC] PHP Warning:  preg_match(): Delimiter must not be alphanumeric, backslash, or NUL in /home/rbialozyt/VisualStudio-Zotero/index.php on line 174
[31-Jul-2025 12:48:57 UTC] PHP Warning:  preg_match(): Delimiter must not be alphanumeric, backslash, or NUL in /home/rbialozyt/VisualStudio-Zotero/index.php on line 174
[31-Jul-2025 12:48:57 UTC] PHP Warning:  preg_match(): Delimiter must not be alphanumeric, backslash, or NUL in /home/rbialozyt/VisualStudio-Zotero/index.php on line 174
[31-Jul-2025 12:48:57 UTC] PHP Warning:  preg_match(): Delimiter must not be alphanumeric, backslash, or NUL in /home/rbialozyt/VisualStudio-Zotero/index.php on line 174
[31-Jul-2025 12:51:09 UTC] PHP Warning:  preg_match(): Delimiter must not be alphanumeric, backslash, or NUL in /home/rbialozyt/VisualStudio-Zotero/index.php on line 174
[31-Jul-2025 12:51:09 UTC] PHP Warning:  preg_match(): Delimiter must not be alphanumeric, backslash, or NUL in /home/rbialozyt/VisualStudio-Zotero/index.php on line 174
[31-Jul-2025 12:51:09 UTC] PHP Warning:  preg_match(): Delimiter must not be alphanumeric, backslash, or NUL in /home/rbialozyt/VisualStudio-Zotero/index.php on line 174
[31-Jul-2025 12:51:09 UTC] PHP Warning:  preg_match(): Delimiter must not be alphanumeric, backslash, or NUL in /home/rbialozyt/VisualStudio-Zotero/index.php on line 174
[31-Jul-2025 12:51:09 UTC] PHP Warning:  preg_match(): Delimiter must not be alphanumeric, backslash, or NUL in /home/rbialozyt/VisualStudio-Zotero/index.php on line 174
[31-Jul-2025 12:51:09 UTC] PHP Warning:  preg_match(): Delimiter must not be alphanumeric, backslash, or NUL in /home/rbialozyt/VisualStudio-Zotero/index.php on line 174
[31-Jul-2025 12:51:09 UTC] PHP Warning:  preg_match(): Delimiter must not be alphanumeric, backslash, or NUL in /home/rbialozyt/VisualStudio-Zotero/index.php on line 174
[31-Jul-2025 12:51:09 UTC] PHP Warning:  preg_match(): Delimiter must not be alphanumeric, backslash, or NUL in /home/rbialozyt/VisualStudio-Zotero/index.php on line 174
[31-Jul-2025 12:51:09 UTC] PHP Warning:  preg_match(): Delimiter must not be alphanumeric, backslash, or NUL in /home/rbialozyt/VisualStudio-Zotero/index.php on line 174
[31-Jul-2025 12:51:09 UTC] PHP Warning:  preg_match(): Delimiter must not be alphanumeric, backslash, or NUL in /home/rbialozyt/VisualStudio-Zotero/index.php on line 174
[31-Jul-2025 12:51:09 UTC] PHP Warning:  preg_match(): Delimiter must not be alphanumeric, backslash, or NUL in /home/rbialozyt/VisualStudio-Zotero/index.php on line 174
[31-Jul-2025 12:51:09 UTC] PHP Warning:  preg_match(): Delimiter must not be alphanumeric, backslash, or NUL in /home/rbialozyt/VisualStudio-Zotero/index.php on line 174
[31-Jul-2025 12:51:09 UTC] PHP Warning:  preg_match(): Delimiter must not be alphanumeric, backslash, or NUL in /home/rbialozyt/VisualStudio-Zotero/index.php on line 174
[31-Jul-2025 12:51:09 UTC] PHP Warning:  preg_match(): Delimiter must not be alphanumeric, backslash, or NUL in /home/rbialozyt/VisualStudio-Zotero/index.php on line 174
[31-Jul-2025 12:51:09 UTC] PHP Warning:  preg_match(): Delimiter must not be alphanumeric, backslash, or NUL in /home/rbialozyt/VisualStudio-Zotero/index.php on line 174
[31-Jul-2025 12:51:09 UTC] PHP Warning:  preg_match(): Delimiter must not be alphanumeric, backslash, or NUL in /home/rbialozyt/VisualStudio-Zotero/index.php on line 174
[31-Jul-2025 12:51:09 UTC] PHP Warning:  preg_match(): Delimiter must not be alphanumeric, backslash, or NUL in /home/rbialozyt/VisualStudio-Zotero/index.php on line 174
[31-Jul-2025 12:51:09 UTC] PHP Warning:  preg_match(): Delimiter must not be alphanumeric, backslash, or NUL in /home/rbialozyt/VisualStudio-Zotero/index.php on line 174
[31-Jul-2025 12:51:09 UTC] PHP Warning:  preg_match(): Delimiter must not be alphanumeric, backslash, or NUL in /home/rbialozyt/VisualStudio-Zotero/index.php on line 174
[31-Jul-2025 12:51:09 UTC] PHP Warning:  preg_match(): Delimiter must not be alphanumeric, backslash, or NUL in /home/rbialozyt/VisualStudio-Zotero/index.php on line 174
[31-Jul-2025 12:51:09 UTC] PHP Warning:  preg_match(): Delimiter must not be alphanumeric, backslash, or NUL in /home/rbialozyt/VisualStudio-Zotero/index.php on line 174
[31-Jul-2025 12:51:09 UTC] PHP Warning:  preg_match(): Delimiter must not be alphanumeric, backslash, or NUL in /home/rbialozyt/VisualStudio-Zotero/index.php on line 174
[31-Jul-2025 12:51:09 UTC] PHP Warning:  preg_match(): Delimiter must not be alphanumeric, backslash, or NUL in /home/rbialozyt/VisualStudio-Zotero/index.php on line 174
[31-Jul-2025 12:51:09 UTC] PHP Warning:  preg_match(): Delimiter must not be alphanumeric, backslash, or NUL in /home/rbialozyt/VisualStudio-Zotero/index.php on line 174
[31-Jul-2025 12:51:09 UTC] PHP Warning:  preg_match(): Delimiter must not be alphanumeric, backslash, or NUL in /home/rbialozyt/VisualStudio-Zotero/index.php on line 174
[31-Jul-2025 12:51:09 UTC] PHP Warning:  preg_match(): Delimiter must not be alphanumeric, backslash, or NUL in /home/rbialozyt/VisualStudio-Zotero/index.php on line 174
[31-Jul-2025 12:51:09 UTC] PHP Warning:  preg_match(): Delimiter must not be alphanumeric, backslash, or NUL in /home/rbialozyt/VisualStudio-Zotero/index.php on line 174
[31-Jul-2025 12:51:09 UTC] PHP Warning:  preg_match(): Delimiter must not be alphanumeric, backslash, or NUL in /home/rbialozyt/VisualStudio-Zotero/index.php on line 174
[31-Jul-2025 12:51:09 UTC] PHP Warning:  preg_match(): Delimiter must not be alphanumeric, backslash, or NUL in /home/rbialozyt/VisualStudio-Zotero/index.php on line 174
[31-Jul-2025 12:51:09 UTC] PHP Warning:  preg_match(): Delimiter must not be alphanumeric, backslash, or NUL in /home/rbialozyt/VisualStudio-Zotero/index.php on line 174
[31-Jul-2025 12:51:09 UTC] PHP Warning:  preg_match(): Delimiter must not be alphanumeric, backslash, or NUL in /home/rbialozyt/VisualStudio-Zotero/index.php on line 174
[31-Jul-2025 12:51:09 UTC] PHP Warning:  preg_match(): Delimiter must not be alphanumeric, backslash, or NUL in /home/rbialozyt/VisualStudio-Zotero/index.php on line 174
[31-Jul-2025 12:51:09 UTC] PHP Warning:  preg_match(): Delimiter must not be alphanumeric, backslash, or NUL in /home/rbialozyt/VisualStudio-Zotero/index.php on line 174
[31-Jul-2025 12:51:09 UTC] PHP Warning:  preg_match(): Delimiter must not be alphanumeric, backslash, or NUL in /home/rbialozyt/VisualStudio-Zotero/index.php on line 174
[31-Jul-2025 12:51:09 UTC] PHP Warning:  preg_match(): Delimiter must not be alphanumeric, backslash, or NUL in /home/rbialozyt/VisualStudio-Zotero/index.php on line 174
[31-Jul-2025 12:51:09 UTC] PHP Warning:  preg_match(): Delimiter must not be alphanumeric, backslash, or NUL in /home/rbialozyt/VisualStudio-Zotero/index.php on line 174
[31-Jul-2025 12:51:09 UTC] PHP Warning:  preg_match(): Delimiter must not be alphanumeric, backslash, or NUL in /home/rbialozyt/VisualStudio-Zotero/index.php on line 174
[31-Jul-2025 12:51:09 UTC] PHP Warning:  preg_match(): Delimiter must not be alphanumeric, backslash, or NUL in /home/rbialozyt/VisualStudio-Zotero/index.php on line 174
[31-Jul-2025 12:51:09 UTC] PHP Warning:  preg_match(): Delimiter must not be alphanumeric, backslash, or NUL in /home/rbialozyt/VisualStudio-Zotero/index.php on line 174
[31-Jul-2025 12:51:09 UTC] PHP Warning:  preg_match(): Delimiter must not be alphanumeric, backslash, or NUL in /home/rbialozyt/VisualStudio-Zotero/index.php on line 174
[31-Jul-2025 12:51:09 UTC] PHP Warning:  preg_match(): Delimiter must not be alphanumeric, backslash, or NUL in /home/rbialozyt/VisualStudio-Zotero/index.php on line 174
[31-Jul-2025 12:51:09 UTC] PHP Warning:  preg_match(): Delimiter must not be alphanumeric, backslash, or NUL in /home/rbialozyt/VisualStudio-Zotero/index.php on line 174
[31-Jul-2025 12:51:09 UTC] PHP Warning:  preg_match(): Delimiter must not be alphanumeric, backslash, or NUL in /home/rbialozyt/VisualStudio-Zotero/index.php on line 174
[31-Jul-2025 12:51:09 UTC] PHP Warning:  preg_match(): Delimiter must not be alphanumeric, backslash, or NUL in /home/rbialozyt/VisualStudio-Zotero/index.php on line 174
[31-Jul-2025 12:51:09 UTC] PHP Warning:  preg_match(): Delimiter must not be alphanumeric, backslash, or NUL in /home/rbialozyt/VisualStudio-Zotero/index.php on line 174
[31-Jul-2025 12:51:09 UTC] PHP Warning:  preg_match(): Delimiter must not be alphanumeric, backslash, or NUL in /home/rbialozyt/VisualStudio-Zotero/index.php on line 174
[31-Jul-2025 12:51:09 UTC] PHP Warning:  preg_match(): Delimiter must not be alphanumeric, backslash, or NUL in /home/rbialozyt/VisualStudio-Zotero/index.php on line 174
[31-Jul-2025 12:51:09 UTC] PHP Warning:  preg_match(): Delimiter must not be alphanumeric, backslash, or NUL in /home/rbialozyt/VisualStudio-Zotero/index.php on line 174
[31-Jul-2025 12:51:09 UTC] PHP Warning:  preg_match(): Delimiter must not be alphanumeric, backslash, or NUL in /home/rbialozyt/VisualStudio-Zotero/index.php on line 174
[31-Jul-2025 12:51:09 UTC] PHP Warning:  preg_match(): Delimiter must not be alphanumeric, backslash, or NUL in /home/rbialozyt/VisualStudio-Zotero/index.php on line 174
[31-Jul-2025 12:51:09 UTC] PHP Warning:  preg_match(): Delimiter must not be alphanumeric, backslash, or NUL in /home/rbialozyt/VisualStudio-Zotero/index.php on line 174
[31-Jul-2025 12:51:09 UTC] PHP Warning:  preg_match(): Delimiter must not be alphanumeric, backslash, or NUL in /home/rbialozyt/VisualStudio-Zotero/index.php on line 174
[31-Jul-2025 12:51:09 UTC] PHP Warning:  preg_match(): Delimiter must not be alphanumeric, backslash, or NUL in /home/rbialozyt/VisualStudio-Zotero/index.php on line 174
[31-Jul-2025 12:51:09 UTC] PHP Warning:  preg_match(): Delimiter must not be alphanumeric, backslash, or NUL in /home/rbialozyt/VisualStudio-Zotero/index.php on line 174
[31-Jul-2025 12:51:09 UTC] PHP Warning:  preg_match(): Delimiter must not be alphanumeric, backslash, or NUL in /home/rbialozyt/VisualStudio-Zotero/index.php on line 174
[31-Jul-2025 12:51:09 UTC] PHP Warning:  preg_match(): Delimiter must not be alphanumeric, backslash, or NUL in /home/rbialozyt/VisualStudio-Zotero/index.php on line 174
[31-Jul-2025 12:51:09 UTC] PHP Warning:  preg_match(): Delimiter must not be alphanumeric, backslash, or NUL in /home/rbialozyt/VisualStudio-Zotero/index.php on line 174
[31-Jul-2025 12:51:09 UTC] PHP Warning:  preg_match(): Delimiter must not be alphanumeric, backslash, or NUL in /home/rbialozyt/VisualStudio-Zotero/index.php on line 174
[31-Jul-2025 12:51:09 UTC] PHP Warning:  preg_match(): Delimiter must not be alphanumeric, backslash, or NUL in /home/rbialozyt/VisualStudio-Zotero/index.php on line 174
[31-Jul-2025 12:51:09 UTC] PHP Warning:  preg_match(): Delimiter must not be alphanumeric, backslash, or NUL in /home/rbialozyt/VisualStudio-Zotero/index.php on line 174
[31-Jul-2025 12:51:09 UTC] PHP Warning:  preg_match(): Delimiter must not be alphanumeric, backslash, or NUL in /home/rbialozyt/VisualStudio-Zotero/index.php on line 174
[31-Jul-2025 12:51:09 UTC] PHP Warning:  preg_match(): Delimiter must not be alphanumeric, backslash, or NUL in /home/rbialozyt/VisualStudio-Zotero/index.php on line 174
[31-Jul-2025 12:51:09 UTC] PHP Warning:  preg_match(): Delimiter must not be alphanumeric, backslash, or NUL in /home/rbialozyt/VisualStudio-Zotero/index.php on line 174
[31-Jul-2025 12:51:09 UTC] PHP Warning:  preg_match(): Delimiter must not be alphanumeric, backslash, or NUL in /home/rbialozyt/VisualStudio-Zotero/index.php on line 174
[31-Jul-2025 12:51:09 UTC] PHP Warning:  preg_match(): Delimiter must not be alphanumeric, backslash, or NUL in /home/rbialozyt/VisualStudio-Zotero/index.php on line 174
[31-Jul-2025 12:51:09 UTC] PHP Warning:  preg_match(): Delimiter must not be alphanumeric, backslash, or NUL in /home/rbialozyt/VisualStudio-Zotero/index.php on line 174
[31-Jul-2025 12:51:09 UTC] PHP Warning:  preg_match(): Delimiter must not be alphanumeric, backslash, or NUL in /home/rbialozyt/VisualStudio-Zotero/index.php on line 174
[31-Jul-2025 12:51:09 UTC] PHP Warning:  preg_match(): Delimiter must not be alphanumeric, backslash, or NUL in /home/rbialozyt/VisualStudio-Zotero/index.php on line 174
[31-Jul-2025 12:51:09 UTC] PHP Warning:  preg_match(): Delimiter must not be alphanumeric, backslash, or NUL in /home/rbialozyt/VisualStudio-Zotero/index.php on line 174
[31-Jul-2025 12:51:09 UTC] PHP Warning:  preg_match(): Delimiter must not be alphanumeric, backslash, or NUL in /home/rbialozyt/VisualStudio-Zotero/index.php on line 174
[31-Jul-2025 12:51:09 UTC] PHP Warning:  preg_match(): Delimiter must not be alphanumeric, backslash, or NUL in /home/rbialozyt/VisualStudio-Zotero/index.php on line 174
[31-Jul-2025 12:54:47 UTC] PHP Warning:  preg_match(): Delimiter must not be alphanumeric, backslash, or NUL in /home/rbialozyt/VisualStudio-Zotero/index.php on line 174
[31-Jul-2025 12:54:47 UTC] PHP Warning:  preg_match(): Delimiter must not be alphanumeric, backslash, or NUL in /home/rbialozyt/VisualStudio-Zotero/index.php on line 174
[31-Jul-2025 12:54:47 UTC] PHP Warning:  preg_match(): Delimiter must not be alphanumeric, backslash, or NUL in /home/rbialozyt/VisualStudio-Zotero/index.php on line 174
[31-Jul-2025 12:54:47 UTC] PHP Warning:  preg_match(): Delimiter must not be alphanumeric, backslash, or NUL in /home/rbialozyt/VisualStudio-Zotero/index.php on line 174
[31-Jul-2025 12:54:47 UTC] PHP Warning:  preg_match(): Delimiter must not be alphanumeric, backslash, or NUL in /home/rbialozyt/VisualStudio-Zotero/index.php on line 174
[31-Jul-2025 12:54:47 UTC] PHP Warning:  preg_match(): Delimiter must not be alphanumeric, backslash, or NUL in /home/rbialozyt/VisualStudio-Zotero/index.php on line 174
[31-Jul-2025 12:54:47 UTC] PHP Warning:  preg_match(): Delimiter must not be alphanumeric, backslash, or NUL in /home/rbialozyt/VisualStudio-Zotero/index.php on line 174
[31-Jul-2025 12:54:47 UTC] PHP Warning:  preg_match(): Delimiter must not be alphanumeric, backslash, or NUL in /home/rbialozyt/VisualStudio-Zotero/index.php on line 174
[31-Jul-2025 12:54:47 UTC] PHP Warning:  preg_match(): Delimiter must not be alphanumeric, backslash, or NUL in /home/rbialozyt/VisualStudio-Zotero/index.php on line 174
[31-Jul-2025 12:54:47 UTC] PHP Warning:  preg_match(): Delimiter must not be alphanumeric, backslash, or NUL in /home/rbialozyt/VisualStudio-Zotero/index.php on line 174
[31-Jul-2025 12:54:47 UTC] PHP Warning:  preg_match(): Delimiter must not be alphanumeric, backslash, or NUL in /home/rbialozyt/VisualStudio-Zotero/index.php on line 174
[31-Jul-2025 12:54:47 UTC] PHP Warning:  preg_match(): Delimiter must not be alphanumeric, backslash, or NUL in /home/rbialozyt/VisualStudio-Zotero/index.php on line 174
[31-Jul-2025 12:54:47 UTC] PHP Warning:  preg_match(): Delimiter must not be alphanumeric, backslash, or NUL in /home/rbialozyt/VisualStudio-Zotero/index.php on line 174
[31-Jul-2025 12:54:47 UTC] PHP Warning:  preg_match(): Delimiter must not be alphanumeric, backslash, or NUL in /home/rbialozyt/VisualStudio-Zotero/index.php on line 174
[31-Jul-2025 12:54:47 UTC] PHP Warning:  preg_match(): Delimiter must not be alphanumeric, backslash, or NUL in /home/rbialozyt/VisualStudio-Zotero/index.php on line 174
[31-Jul-2025 12:54:47 UTC] PHP Warning:  preg_match(): Delimiter must not be alphanumeric, backslash, or NUL in /home/rbialozyt/VisualStudio-Zotero/index.php on line 174
[31-Jul-2025 12:54:47 UTC] PHP Warning:  preg_match(): Delimiter must not be alphanumeric, backslash, or NUL in /home/rbialozyt/VisualStudio-Zotero/index.php on line 174
[31-Jul-2025 12:54:47 UTC] PHP Warning:  preg_match(): Delimiter must not be alphanumeric, backslash, or NUL in /home/rbialozyt/VisualStudio-Zotero/index.php on line 174
[31-Jul-2025 12:54:47 UTC] PHP Warning:  preg_match(): Delimiter must not be alphanumeric, backslash, or NUL in /home/rbialozyt/VisualStudio-Zotero/index.php on line 174
[31-Jul-2025 12:54:47 UTC] PHP Warning:  preg_match(): Delimiter must not be alphanumeric, backslash, or NUL in /home/rbialozyt/VisualStudio-Zotero/index.php on line 174
[31-Jul-2025 12:54:47 UTC] PHP Warning:  preg_match(): Delimiter must not be alphanumeric, backslash, or NUL in /home/rbialozyt/VisualStudio-Zotero/index.php on line 174
[31-Jul-2025 12:54:47 UTC] PHP Warning:  preg_match(): Delimiter must not be alphanumeric, backslash, or NUL in /home/rbialozyt/VisualStudio-Zotero/index.php on line 174
[31-Jul-2025 12:54:47 UTC] PHP Warning:  preg_match(): Delimiter must not be alphanumeric, backslash, or NUL in /home/rbialozyt/VisualStudio-Zotero/index.php on line 174
[31-Jul-2025 12:54:47 UTC] PHP Warning:  preg_match(): Delimiter must not be alphanumeric, backslash, or NUL in /home/rbialozyt/VisualStudio-Zotero/index.php on line 174
[31-Jul-2025 12:54:47 UTC] PHP Warning:  preg_match(): Delimiter must not be alphanumeric, backslash, or NUL in /home/rbialozyt/VisualStudio-Zotero/index.php on line 174
[31-Jul-2025 12:54:47 UTC] PHP Warning:  preg_match(): Delimiter must not be alphanumeric, backslash, or NUL in /home/rbialozyt/VisualStudio-Zotero/index.php on line 174
[31-Jul-2025 12:54:47 UTC] PHP Warning:  preg_match(): Delimiter must not be alphanumeric, backslash, or NUL in /home/rbialozyt/VisualStudio-Zotero/index.php on line 174
[31-Jul-2025 12:54:47 UTC] PHP Warning:  preg_match(): Delimiter must not be alphanumeric, backslash, or NUL in /home/rbialozyt/VisualStudio-Zotero/index.php on line 174
[31-Jul-2025 12:54:47 UTC] PHP Warning:  preg_match(): Delimiter must not be alphanumeric, backslash, or NUL in /home/rbialozyt/VisualStudio-Zotero/index.php on line 174
[31-Jul-2025 12:54:47 UTC] PHP Warning:  preg_match(): Delimiter must not be alphanumeric, backslash, or NUL in /home/rbialozyt/VisualStudio-Zotero/index.php on line 174
[31-Jul-2025 12:54:47 UTC] PHP Warning:  preg_match(): Delimiter must not be alphanumeric, backslash, or NUL in /home/rbialozyt/VisualStudio-Zotero/index.php on line 174
[31-Jul-2025 12:54:47 UTC] PHP Warning:  preg_match(): Delimiter must not be alphanumeric, backslash, or NUL in /home/rbialozyt/VisualStudio-Zotero/index.php on line 174
[31-Jul-2025 12:54:47 UTC] PHP Warning:  preg_match(): Delimiter must not be alphanumeric, backslash, or NUL in /home/rbialozyt/VisualStudio-Zotero/index.php on line 174
[31-Jul-2025 12:54:47 UTC] PHP Warning:  preg_match(): Delimiter must not be alphanumeric, backslash, or NUL in /home/rbialozyt/VisualStudio-Zotero/index.php on line 174
[31-Jul-2025 12:54:47 UTC] PHP Warning:  preg_match(): Delimiter must not be alphanumeric, backslash, or NUL in /home/rbialozyt/VisualStudio-Zotero/index.php on line 174
[31-Jul-2025 12:54:47 UTC] PHP Warning:  preg_match(): Delimiter must not be alphanumeric, backslash, or NUL in /home/rbialozyt/VisualStudio-Zotero/index.php on line 174
[31-Jul-2025 12:54:47 UTC] PHP Warning:  preg_match(): Delimiter must not be alphanumeric, backslash, or NUL in /home/rbialozyt/VisualStudio-Zotero/index.php on line 174
[31-Jul-2025 12:54:47 UTC] PHP Warning:  preg_match(): Delimiter must not be alphanumeric, backslash, or NUL in /home/rbialozyt/VisualStudio-Zotero/index.php on line 174
[31-Jul-2025 12:54:47 UTC] PHP Warning:  preg_match(): Delimiter must not be alphanumeric, backslash, or NUL in /home/rbialozyt/VisualStudio-Zotero/index.php on line 174
[31-Jul-2025 12:54:47 UTC] PHP Warning:  preg_match(): Delimiter must not be alphanumeric, backslash, or NUL in /home/rbialozyt/VisualStudio-Zotero/index.php on line 174
[31-Jul-2025 12:54:47 UTC] PHP Warning:  preg_match(): Delimiter must not be alphanumeric, backslash, or NUL in /home/rbialozyt/VisualStudio-Zotero/index.php on line 174
[31-Jul-2025 12:54:47 UTC] PHP Warning:  preg_match(): Delimiter must not be alphanumeric, backslash, or NUL in /home/rbialozyt/VisualStudio-Zotero/index.php on line 174
[31-Jul-2025 12:54:47 UTC] PHP Warning:  preg_match(): Delimiter must not be alphanumeric, backslash, or NUL in /home/rbialozyt/VisualStudio-Zotero/index.php on line 174
[31-Jul-2025 12:54:47 UTC] PHP Warning:  preg_match(): Delimiter must not be alphanumeric, backslash, or NUL in /home/rbialozyt/VisualStudio-Zotero/index.php on line 174
[31-Jul-2025 12:54:47 UTC] PHP Warning:  preg_match(): Delimiter must not be alphanumeric, backslash, or NUL in /home/rbialozyt/VisualStudio-Zotero/index.php on line 174
[31-Jul-2025 12:54:47 UTC] PHP Warning:  preg_match(): Delimiter must not be alphanumeric, backslash, or NUL in /home/rbialozyt/VisualStudio-Zotero/index.php on line 174
[31-Jul-2025 12:54:47 UTC] PHP Warning:  preg_match(): Delimiter must not be alphanumeric, backslash, or NUL in /home/rbialozyt/VisualStudio-Zotero/index.php on line 174
[31-Jul-2025 12:54:47 UTC] PHP Warning:  preg_match(): Delimiter must not be alphanumeric, backslash, or NUL in /home/rbialozyt/VisualStudio-Zotero/index.php on line 174
[31-Jul-2025 12:54:47 UTC] PHP Warning:  preg_match(): Delimiter must not be alphanumeric, backslash, or NUL in /home/rbialozyt/VisualStudio-Zotero/index.php on line 174
[31-Jul-2025 12:54:47 UTC] PHP Warning:  preg_match(): Delimiter must not be alphanumeric, backslash, or NUL in /home/rbialozyt/VisualStudio-Zotero/index.php on line 174
[31-Jul-2025 12:54:47 UTC] PHP Warning:  preg_match(): Delimiter must not be alphanumeric, backslash, or NUL in /home/rbialozyt/VisualStudio-Zotero/index.php on line 174
[31-Jul-2025 12:54:47 UTC] PHP Warning:  preg_match(): Delimiter must not be alphanumeric, backslash, or NUL in /home/rbialozyt/VisualStudio-Zotero/index.php on line 174
[31-Jul-2025 12:54:47 UTC] PHP Warning:  preg_match(): Delimiter must not be alphanumeric, backslash, or NUL in /home/rbialozyt/VisualStudio-Zotero/index.php on line 174
[31-Jul-2025 12:54:47 UTC] PHP Warning:  preg_match(): Delimiter must not be alphanumeric, backslash, or NUL in /home/rbialozyt/VisualStudio-Zotero/index.php on line 174
[31-Jul-2025 12:54:47 UTC] PHP Warning:  preg_match(): Delimiter must not be alphanumeric, backslash, or NUL in /home/rbialozyt/VisualStudio-Zotero/index.php on line 174
[31-Jul-2025 12:54:47 UTC] PHP Warning:  preg_match(): Delimiter must not be alphanumeric, backslash, or NUL in /home/rbialozyt/VisualStudio-Zotero/index.php on line 174
[31-Jul-2025 12:54:47 UTC] PHP Warning:  preg_match(): Delimiter must not be alphanumeric, backslash, or NUL in /home/rbialozyt/VisualStudio-Zotero/index.php on line 174
[31-Jul-2025 12:54:47 UTC] PHP Warning:  preg_match(): Delimiter must not be alphanumeric, backslash, or NUL in /home/rbialozyt/VisualStudio-Zotero/index.php on line 174
[31-Jul-2025 12:54:47 UTC] PHP Warning:  preg_match(): Delimiter must not be alphanumeric, backslash, or NUL in /home/rbialozyt/VisualStudio-Zotero/index.php on line 174
[31-Jul-2025 12:54:47 UTC] PHP Warning:  preg_match(): Delimiter must not be alphanumeric, backslash, or NUL in /home/rbialozyt/VisualStudio-Zotero/index.php on line 174
[31-Jul-2025 12:54:47 UTC] PHP Warning:  preg_match(): Delimiter must not be alphanumeric, backslash, or NUL in /home/rbialozyt/VisualStudio-Zotero/index.php on line 174
[31-Jul-2025 12:54:47 UTC] PHP Warning:  preg_match(): Delimiter must not be alphanumeric, backslash, or NUL in /home/rbialozyt/VisualStudio-Zotero/index.php on line 174
[31-Jul-2025 12:54:47 UTC] PHP Warning:  preg_match(): Delimiter must not be alphanumeric, backslash, or NUL in /home/rbialozyt/VisualStudio-Zotero/index.php on line 174
[31-Jul-2025 12:54:47 UTC] PHP Warning:  preg_match(): Delimiter must not be alphanumeric, backslash, or NUL in /home/rbialozyt/VisualStudio-Zotero/index.php on line 174
[31-Jul-2025 12:54:47 UTC] PHP Warning:  preg_match(): Delimiter must not be alphanumeric, backslash, or NUL in /home/rbialozyt/VisualStudio-Zotero/index.php on line 174
[31-Jul-2025 12:54:47 UTC] PHP Warning:  preg_match(): Delimiter must not be alphanumeric, backslash, or NUL in /home/rbialozyt/VisualStudio-Zotero/index.php on line 174
[31-Jul-2025 12:54:47 UTC] PHP Warning:  preg_match(): Delimiter must not be alphanumeric, backslash, or NUL in /home/rbialozyt/VisualStudio-Zotero/index.php on line 174
[31-Jul-2025 12:54:47 UTC] PHP Warning:  preg_match(): Delimiter must not be alphanumeric, backslash, or NUL in /home/rbialozyt/VisualStudio-Zotero/index.php on line 174
[31-Jul-2025 12:54:47 UTC] PHP Warning:  preg_match(): Delimiter must not be alphanumeric, backslash, or NUL in /home/rbialozyt/VisualStudio-Zotero/index.php on line 174
[31-Jul-2025 12:54:47 UTC] PHP Warning:  preg_match(): Delimiter must not be alphanumeric, backslash, or NUL in /home/rbialozyt/VisualStudio-Zotero/index.php on line 174
[31-Jul-2025 12:54:47 UTC] PHP Warning:  preg_match(): Delimiter must not be alphanumeric, backslash, or NUL in /home/rbialozyt/VisualStudio-Zotero/index.php on line 174
[31-Jul-2025 13:00:06 UTC] PHP Warning:  preg_match(): Empty regular expression in /home/rbialozyt/VisualStudio-Zotero/index.php on line 174
[31-Jul-2025 13:00:06 UTC] PHP Warning:  preg_match(): Empty regular expression in /home/rbialozyt/VisualStudio-Zotero/index.php on line 174
[31-Jul-2025 13:00:06 UTC] PHP Warning:  preg_match(): Empty regular expression in /home/rbialozyt/VisualStudio-Zotero/index.php on line 174
[31-Jul-2025 13:00:06 UTC] PHP Warning:  preg_match(): Empty regular expression in /home/rbialozyt/VisualStudio-Zotero/index.php on line 174
[31-Jul-2025 13:00:06 UTC] PHP Warning:  preg_match(): Empty regular expression in /home/rbialozyt/VisualStudio-Zotero/index.php on line 174
[31-Jul-2025 13:00:06 UTC] PHP Warning:  preg_match(): Empty regular expression in /home/rbialozyt/VisualStudio-Zotero/index.php on line 174
[31-Jul-2025 13:00:06 UTC] PHP Warning:  preg_match(): Empty regular expression in /home/rbialozyt/VisualStudio-Zotero/index.php on line 174
[31-Jul-2025 13:00:06 UTC] PHP Warning:  preg_match(): Empty regular expression in /home/rbialozyt/VisualStudio-Zotero/index.php on line 174
[31-Jul-2025 13:00:06 UTC] PHP Warning:  preg_match(): Empty regular expression in /home/rbialozyt/VisualStudio-Zotero/index.php on line 174
[31-Jul-2025 13:00:06 UTC] PHP Warning:  preg_match(): Empty regular expression in /home/rbialozyt/VisualStudio-Zotero/index.php on line 174
[31-Jul-2025 13:00:06 UTC] PHP Warning:  preg_match(): Empty regular expression in /home/rbialozyt/VisualStudio-Zotero/index.php on line 174
[31-Jul-2025 13:00:06 UTC] PHP Warning:  preg_match(): Empty regular expression in /home/rbialozyt/VisualStudio-Zotero/index.php on line 174
[31-Jul-2025 13:00:06 UTC] PHP Warning:  preg_match(): Empty regular expression in /home/rbialozyt/VisualStudio-Zotero/index.php on line 174
[31-Jul-2025 13:00:06 UTC] PHP Warning:  preg_match(): Empty regular expression in /home/rbialozyt/VisualStudio-Zotero/index.php on line 174
[31-Jul-2025 13:00:06 UTC] PHP Warning:  preg_match(): Empty regular expression in /home/rbialozyt/VisualStudio-Zotero/index.php on line 174
[31-Jul-2025 13:00:06 UTC] PHP Warning:  preg_match(): Empty regular expression in /home/rbialozyt/VisualStudio-Zotero/index.php on line 174
[31-Jul-2025 13:00:06 UTC] PHP Warning:  preg_match(): Empty regular expression in /home/rbialozyt/VisualStudio-Zotero/index.php on line 174
[31-Jul-2025 13:00:06 UTC] PHP Warning:  preg_match(): Empty regular expression in /home/rbialozyt/VisualStudio-Zotero/index.php on line 174
[31-Jul-2025 13:00:06 UTC] PHP Warning:  preg_match(): Empty regular expression in /home/rbialozyt/VisualStudio-Zotero/index.php on line 174
[31-Jul-2025 13:00:06 UTC] PHP Warning:  preg_match(): Empty regular expression in /home/rbialozyt/VisualStudio-Zotero/index.php on line 174
[31-Jul-2025 13:00:06 UTC] PHP Warning:  preg_match(): Empty regular expression in /home/rbialozyt/VisualStudio-Zotero/index.php on line 174
[31-Jul-2025 13:00:06 UTC] PHP Warning:  preg_match(): Empty regular expression in /home/rbialozyt/VisualStudio-Zotero/index.php on line 174
[31-Jul-2025 13:00:06 UTC] PHP Warning:  preg_match(): Empty regular expression in /home/rbialozyt/VisualStudio-Zotero/index.php on line 174
[31-Jul-2025 13:00:06 UTC] PHP Warning:  preg_match(): Empty regular expression in /home/rbialozyt/VisualStudio-Zotero/index.php on line 174
[31-Jul-2025 13:00:06 UTC] PHP Warning:  preg_match(): Empty regular expression in /home/rbialozyt/VisualStudio-Zotero/index.php on line 174
[31-Jul-2025 13:00:06 UTC] PHP Warning:  preg_match(): Empty regular expression in /home/rbialozyt/VisualStudio-Zotero/index.php on line 174
[31-Jul-2025 13:00:06 UTC] PHP Warning:  preg_match(): Empty regular expression in /home/rbialozyt/VisualStudio-Zotero/index.php on line 174
[31-Jul-2025 13:00:06 UTC] PHP Warning:  preg_match(): Empty regular expression in /home/rbialozyt/VisualStudio-Zotero/index.php on line 174
[31-Jul-2025 13:00:06 UTC] PHP Warning:  preg_match(): Empty regular expression in /home/rbialozyt/VisualStudio-Zotero/index.php on line 174
[31-Jul-2025 13:00:06 UTC] PHP Warning:  preg_match(): Empty regular expression in /home/rbialozyt/VisualStudio-Zotero/index.php on line 174
[31-Jul-2025 13:00:06 UTC] PHP Warning:  preg_match(): Empty regular expression in /home/rbialozyt/VisualStudio-Zotero/index.php on line 174
[31-Jul-2025 13:00:06 UTC] PHP Warning:  preg_match(): Empty regular expression in /home/rbialozyt/VisualStudio-Zotero/index.php on line 174
[31-Jul-2025 13:00:06 UTC] PHP Warning:  preg_match(): Empty regular expression in /home/rbialozyt/VisualStudio-Zotero/index.php on line 174
[31-Jul-2025 13:00:06 UTC] PHP Warning:  preg_match(): Empty regular expression in /home/rbialozyt/VisualStudio-Zotero/index.php on line 174
[31-Jul-2025 13:00:06 UTC] PHP Warning:  preg_match(): Empty regular expression in /home/rbialozyt/VisualStudio-Zotero/index.php on line 174
[31-Jul-2025 13:00:06 UTC] PHP Warning:  preg_match(): Empty regular expression in /home/rbialozyt/VisualStudio-Zotero/index.php on line 174
[31-Jul-2025 13:00:06 UTC] PHP Warning:  preg_match(): Empty regular expression in /home/rbialozyt/VisualStudio-Zotero/index.php on line 174
[31-Jul-2025 13:00:06 UTC] PHP Warning:  preg_match(): Empty regular expression in /home/rbialozyt/VisualStudio-Zotero/index.php on line 174
[31-Jul-2025 13:00:06 UTC] PHP Warning:  preg_match(): Empty regular expression in /home/rbialozyt/VisualStudio-Zotero/index.php on line 174
[31-Jul-2025 13:00:06 UTC] PHP Warning:  preg_match(): Empty regular expression in /home/rbialozyt/VisualStudio-Zotero/index.php on line 174
[31-Jul-2025 13:00:06 UTC] PHP Warning:  preg_match(): Empty regular expression in /home/rbialozyt/VisualStudio-Zotero/index.php on line 174
[31-Jul-2025 13:00:06 UTC] PHP Warning:  preg_match(): Empty regular expression in /home/rbialozyt/VisualStudio-Zotero/index.php on line 174
[31-Jul-2025 13:00:06 UTC] PHP Warning:  preg_match(): Empty regular expression in /home/rbialozyt/VisualStudio-Zotero/index.php on line 174
[31-Jul-2025 13:00:06 UTC] PHP Warning:  preg_match(): Empty regular expression in /home/rbialozyt/VisualStudio-Zotero/index.php on line 174
[31-Jul-2025 13:00:06 UTC] PHP Warning:  preg_match(): Empty regular expression in /home/rbialozyt/VisualStudio-Zotero/index.php on line 174
[31-Jul-2025 13:00:06 UTC] PHP Warning:  preg_match(): Empty regular expression in /home/rbialozyt/VisualStudio-Zotero/index.php on line 174
[31-Jul-2025 13:00:06 UTC] PHP Warning:  preg_match(): Empty regular expression in /home/rbialozyt/VisualStudio-Zotero/index.php on line 174
[31-Jul-2025 13:00:06 UTC] PHP Warning:  preg_match(): Empty regular expression in /home/rbialozyt/VisualStudio-Zotero/index.php on line 174
[31-Jul-2025 13:00:06 UTC] PHP Warning:  preg_match(): Empty regular expression in /home/rbialozyt/VisualStudio-Zotero/index.php on line 174
[31-Jul-2025 13:00:06 UTC] PHP Warning:  preg_match(): Empty regular expression in /home/rbialozyt/VisualStudio-Zotero/index.php on line 174
[31-Jul-2025 13:00:06 UTC] PHP Warning:  preg_match(): Empty regular expression in /home/rbialozyt/VisualStudio-Zotero/index.php on line 174
[31-Jul-2025 13:00:06 UTC] PHP Warning:  preg_match(): Empty regular expression in /home/rbialozyt/VisualStudio-Zotero/index.php on line 174
[31-Jul-2025 13:00:06 UTC] PHP Warning:  preg_match(): Empty regular expression in /home/rbialozyt/VisualStudio-Zotero/index.php on line 174
[31-Jul-2025 13:00:06 UTC] PHP Warning:  preg_match(): Empty regular expression in /home/rbialozyt/VisualStudio-Zotero/index.php on line 174
[31-Jul-2025 13:00:06 UTC] PHP Warning:  preg_match(): Empty regular expression in /home/rbialozyt/VisualStudio-Zotero/index.php on line 174
[31-Jul-2025 13:00:06 UTC] PHP Warning:  preg_match(): Empty regular expression in /home/rbialozyt/VisualStudio-Zotero/index.php on line 174
[31-Jul-2025 13:00:06 UTC] PHP Warning:  preg_match(): Empty regular expression in /home/rbialozyt/VisualStudio-Zotero/index.php on line 174
[31-Jul-2025 13:00:06 UTC] PHP Warning:  preg_match(): Empty regular expression in /home/rbialozyt/VisualStudio-Zotero/index.php on line 174
[31-Jul-2025 13:00:06 UTC] PHP Warning:  preg_match(): Empty regular expression in /home/rbialozyt/VisualStudio-Zotero/index.php on line 174
[31-Jul-2025 13:00:06 UTC] PHP Warning:  preg_match(): Empty regular expression in /home/rbialozyt/VisualStudio-Zotero/index.php on line 174
[31-Jul-2025 13:00:06 UTC] PHP Warning:  preg_match(): Empty regular expression in /home/rbialozyt/VisualStudio-Zotero/index.php on line 174
[31-Jul-2025 13:00:06 UTC] PHP Warning:  preg_match(): Empty regular expression in /home/rbialozyt/VisualStudio-Zotero/index.php on line 174
[31-Jul-2025 13:00:06 UTC] PHP Warning:  preg_match(): Empty regular expression in /home/rbialozyt/VisualStudio-Zotero/index.php on line 174
[31-Jul-2025 13:00:06 UTC] PHP Warning:  preg_match(): Empty regular expression in /home/rbialozyt/VisualStudio-Zotero/index.php on line 174
[31-Jul-2025 13:00:06 UTC] PHP Warning:  preg_match(): Empty regular expression in /home/rbialozyt/VisualStudio-Zotero/index.php on line 174
[31-Jul-2025 13:00:06 UTC] PHP Warning:  preg_match(): Empty regular expression in /home/rbialozyt/VisualStudio-Zotero/index.php on line 174
[31-Jul-2025 13:00:06 UTC] PHP Warning:  preg_match(): Empty regular expression in /home/rbialozyt/VisualStudio-Zotero/index.php on line 174
[31-Jul-2025 13:00:06 UTC] PHP Warning:  preg_match(): Empty regular expression in /home/rbialozyt/VisualStudio-Zotero/index.php on line 174
[31-Jul-2025 13:00:06 UTC] PHP Warning:  preg_match(): Empty regular expression in /home/rbialozyt/VisualStudio-Zotero/index.php on line 174
[31-Jul-2025 13:00:06 UTC] PHP Warning:  preg_match(): Empty regular expression in /home/rbialozyt/VisualStudio-Zotero/index.php on line 174
[31-Jul-2025 13:00:06 UTC] PHP Warning:  preg_match(): Empty regular expression in /home/rbialozyt/VisualStudio-Zotero/index.php on line 174
[31-Jul-2025 13:01:57 UTC] PHP Warning:  preg_match(): Empty regular expression in /home/rbialozyt/VisualStudio-Zotero/index.php on line 174
[31-Jul-2025 13:01:57 UTC] PHP Warning:  preg_match(): Empty regular expression in /home/rbialozyt/VisualStudio-Zotero/index.php on line 174
[31-Jul-2025 13:01:57 UTC] PHP Warning:  preg_match(): Empty regular expression in /home/rbialozyt/VisualStudio-Zotero/index.php on line 174
[31-Jul-2025 13:01:57 UTC] PHP Warning:  preg_match(): Empty regular expression in /home/rbialozyt/VisualStudio-Zotero/index.php on line 174
[31-Jul-2025 13:01:57 UTC] PHP Warning:  preg_match(): Empty regular expression in /home/rbialozyt/VisualStudio-Zotero/index.php on line 174
[31-Jul-2025 13:01:57 UTC] PHP Warning:  preg_match(): Empty regular expression in /home/rbialozyt/VisualStudio-Zotero/index.php on line 174
[31-Jul-2025 13:01:57 UTC] PHP Warning:  preg_match(): Empty regular expression in /home/rbialozyt/VisualStudio-Zotero/index.php on line 174
[31-Jul-2025 13:01:57 UTC] PHP Warning:  preg_match(): Empty regular expression in /home/rbialozyt/VisualStudio-Zotero/index.php on line 174
[31-Jul-2025 13:01:57 UTC] PHP Warning:  preg_match(): Empty regular expression in /home/rbialozyt/VisualStudio-Zotero/index.php on line 174
[31-Jul-2025 13:01:57 UTC] PHP Warning:  preg_match(): Empty regular expression in /home/rbialozyt/VisualStudio-Zotero/index.php on line 174
[31-Jul-2025 13:01:57 UTC] PHP Warning:  preg_match(): Empty regular expression in /home/rbialozyt/VisualStudio-Zotero/index.php on line 174
[31-Jul-2025 13:01:57 UTC] PHP Warning:  preg_match(): Empty regular expression in /home/rbialozyt/VisualStudio-Zotero/index.php on line 174
[31-Jul-2025 13:01:57 UTC] PHP Warning:  preg_match(): Empty regular expression in /home/rbialozyt/VisualStudio-Zotero/index.php on line 174
[31-Jul-2025 13:01:57 UTC] PHP Warning:  preg_match(): Empty regular expression in /home/rbialozyt/VisualStudio-Zotero/index.php on line 174
[31-Jul-2025 13:01:57 UTC] PHP Warning:  preg_match(): Empty regular expression in /home/rbialozyt/VisualStudio-Zotero/index.php on line 174
[31-Jul-2025 13:01:57 UTC] PHP Warning:  preg_match(): Empty regular expression in /home/rbialozyt/VisualStudio-Zotero/index.php on line 174
[31-Jul-2025 13:01:57 UTC] PHP Warning:  preg_match(): Empty regular expression in /home/rbialozyt/VisualStudio-Zotero/index.php on line 174
[31-Jul-2025 13:01:57 UTC] PHP Warning:  preg_match(): Empty regular expression in /home/rbialozyt/VisualStudio-Zotero/index.php on line 174
[31-Jul-2025 13:01:57 UTC] PHP Warning:  preg_match(): Empty regular expression in /home/rbialozyt/VisualStudio-Zotero/index.php on line 174
[31-Jul-2025 13:01:57 UTC] PHP Warning:  preg_match(): Empty regular expression in /home/rbialozyt/VisualStudio-Zotero/index.php on line 174
[31-Jul-2025 13:01:57 UTC] PHP Warning:  preg_match(): Empty regular expression in /home/rbialozyt/VisualStudio-Zotero/index.php on line 174
[31-Jul-2025 13:01:57 UTC] PHP Warning:  preg_match(): Empty regular expression in /home/rbialozyt/VisualStudio-Zotero/index.php on line 174
[31-Jul-2025 13:01:57 UTC] PHP Warning:  preg_match(): Empty regular expression in /home/rbialozyt/VisualStudio-Zotero/index.php on line 174
[31-Jul-2025 13:01:57 UTC] PHP Warning:  preg_match(): Empty regular expression in /home/rbialozyt/VisualStudio-Zotero/index.php on line 174
[31-Jul-2025 13:01:57 UTC] PHP Warning:  preg_match(): Empty regular expression in /home/rbialozyt/VisualStudio-Zotero/index.php on line 174
[31-Jul-2025 13:01:57 UTC] PHP Warning:  preg_match(): Empty regular expression in /home/rbialozyt/VisualStudio-Zotero/index.php on line 174
[31-Jul-2025 13:01:57 UTC] PHP Warning:  preg_match(): Empty regular expression in /home/rbialozyt/VisualStudio-Zotero/index.php on line 174
[31-Jul-2025 13:01:57 UTC] PHP Warning:  preg_match(): Empty regular expression in /home/rbialozyt/VisualStudio-Zotero/index.php on line 174
[31-Jul-2025 13:01:57 UTC] PHP Warning:  preg_match(): Empty regular expression in /home/rbialozyt/VisualStudio-Zotero/index.php on line 174
[31-Jul-2025 13:01:57 UTC] PHP Warning:  preg_match(): Empty regular expression in /home/rbialozyt/VisualStudio-Zotero/index.php on line 174
[31-Jul-2025 13:01:57 UTC] PHP Warning:  preg_match(): Empty regular expression in /home/rbialozyt/VisualStudio-Zotero/index.php on line 174
[31-Jul-2025 13:01:57 UTC] PHP Warning:  preg_match(): Empty regular expression in /home/rbialozyt/VisualStudio-Zotero/index.php on line 174
[31-Jul-2025 13:01:57 UTC] PHP Warning:  preg_match(): Empty regular expression in /home/rbialozyt/VisualStudio-Zotero/index.php on line 174
[31-Jul-2025 13:01:57 UTC] PHP Warning:  preg_match(): Empty regular expression in /home/rbialozyt/VisualStudio-Zotero/index.php on line 174
[31-Jul-2025 13:01:57 UTC] PHP Warning:  preg_match(): Empty regular expression in /home/rbialozyt/VisualStudio-Zotero/index.php on line 174
[31-Jul-2025 13:01:57 UTC] PHP Warning:  preg_match(): Empty regular expression in /home/rbialozyt/VisualStudio-Zotero/index.php on line 174
[31-Jul-2025 13:01:57 UTC] PHP Warning:  preg_match(): Empty regular expression in /home/rbialozyt/VisualStudio-Zotero/index.php on line 174
[31-Jul-2025 13:01:57 UTC] PHP Warning:  preg_match(): Empty regular expression in /home/rbialozyt/VisualStudio-Zotero/index.php on line 174
[31-Jul-2025 13:01:57 UTC] PHP Warning:  preg_match(): Empty regular expression in /home/rbialozyt/VisualStudio-Zotero/index.php on line 174
[31-Jul-2025 13:01:57 UTC] PHP Warning:  preg_match(): Empty regular expression in /home/rbialozyt/VisualStudio-Zotero/index.php on line 174
[31-Jul-2025 13:01:57 UTC] PHP Warning:  preg_match(): Empty regular expression in /home/rbialozyt/VisualStudio-Zotero/index.php on line 174
[31-Jul-2025 13:01:57 UTC] PHP Warning:  preg_match(): Empty regular expression in /home/rbialozyt/VisualStudio-Zotero/index.php on line 174
[31-Jul-2025 13:01:57 UTC] PHP Warning:  preg_match(): Empty regular expression in /home/rbialozyt/VisualStudio-Zotero/index.php on line 174
[31-Jul-2025 13:01:57 UTC] PHP Warning:  preg_match(): Empty regular expression in /home/rbialozyt/VisualStudio-Zotero/index.php on line 174
[31-Jul-2025 13:01:57 UTC] PHP Warning:  preg_match(): Empty regular expression in /home/rbialozyt/VisualStudio-Zotero/index.php on line 174
[31-Jul-2025 13:01:57 UTC] PHP Warning:  preg_match(): Empty regular expression in /home/rbialozyt/VisualStudio-Zotero/index.php on line 174
[31-Jul-2025 13:01:57 UTC] PHP Warning:  preg_match(): Empty regular expression in /home/rbialozyt/VisualStudio-Zotero/index.php on line 174
[31-Jul-2025 13:01:57 UTC] PHP Warning:  preg_match(): Empty regular expression in /home/rbialozyt/VisualStudio-Zotero/index.php on line 174
[31-Jul-2025 13:01:57 UTC] PHP Warning:  preg_match(): Empty regular expression in /home/rbialozyt/VisualStudio-Zotero/index.php on line 174
[31-Jul-2025 13:01:57 UTC] PHP Warning:  preg_match(): Empty regular expression in /home/rbialozyt/VisualStudio-Zotero/index.php on line 174
[31-Jul-2025 13:01:57 UTC] PHP Warning:  preg_match(): Empty regular expression in /home/rbialozyt/VisualStudio-Zotero/index.php on line 174
[31-Jul-2025 13:01:57 UTC] PHP Warning:  preg_match(): Empty regular expression in /home/rbialozyt/VisualStudio-Zotero/index.php on line 174
[31-Jul-2025 13:01:57 UTC] PHP Warning:  preg_match(): Empty regular expression in /home/rbialozyt/VisualStudio-Zotero/index.php on line 174
[31-Jul-2025 13:01:57 UTC] PHP Warning:  preg_match(): Empty regular expression in /home/rbialozyt/VisualStudio-Zotero/index.php on line 174
[31-Jul-2025 13:01:57 UTC] PHP Warning:  preg_match(): Empty regular expression in /home/rbialozyt/VisualStudio-Zotero/index.php on line 174
[31-Jul-2025 13:01:57 UTC] PHP Warning:  preg_match(): Empty regular expression in /home/rbialozyt/VisualStudio-Zotero/index.php on line 174
[31-Jul-2025 13:01:57 UTC] PHP Warning:  preg_match(): Empty regular expression in /home/rbialozyt/VisualStudio-Zotero/index.php on line 174
[31-Jul-2025 13:01:57 UTC] PHP Warning:  preg_match(): Empty regular expression in /home/rbialozyt/VisualStudio-Zotero/index.php on line 174
[31-Jul-2025 13:01:57 UTC] PHP Warning:  preg_match(): Empty regular expression in /home/rbialozyt/VisualStudio-Zotero/index.php on line 174
[31-Jul-2025 13:01:57 UTC] PHP Warning:  preg_match(): Empty regular expression in /home/rbialozyt/VisualStudio-Zotero/index.php on line 174
[31-Jul-2025 13:01:57 UTC] PHP Warning:  preg_match(): Empty regular expression in /home/rbialozyt/VisualStudio-Zotero/index.php on line 174
[31-Jul-2025 13:01:57 UTC] PHP Warning:  preg_match(): Empty regular expression in /home/rbialozyt/VisualStudio-Zotero/index.php on line 174
[31-Jul-2025 13:01:57 UTC] PHP Warning:  preg_match(): Empty regular expression in /home/rbialozyt/VisualStudio-Zotero/index.php on line 174
[31-Jul-2025 13:01:57 UTC] PHP Warning:  preg_match(): Empty regular expression in /home/rbialozyt/VisualStudio-Zotero/index.php on line 174
[31-Jul-2025 13:01:57 UTC] PHP Warning:  preg_match(): Empty regular expression in /home/rbialozyt/VisualStudio-Zotero/index.php on line 174
[31-Jul-2025 13:01:57 UTC] PHP Warning:  preg_match(): Empty regular expression in /home/rbialozyt/VisualStudio-Zotero/index.php on line 174
[31-Jul-2025 13:01:57 UTC] PHP Warning:  preg_match(): Empty regular expression in /home/rbialozyt/VisualStudio-Zotero/index.php on line 174
[31-Jul-2025 13:01:57 UTC] PHP Warning:  preg_match(): Empty regular expression in /home/rbialozyt/VisualStudio-Zotero/index.php on line 174
[31-Jul-2025 13:01:57 UTC] PHP Warning:  preg_match(): Empty regular expression in /home/rbialozyt/VisualStudio-Zotero/index.php on line 174
[31-Jul-2025 13:01:57 UTC] PHP Warning:  preg_match(): Empty regular expression in /home/rbialozyt/VisualStudio-Zotero/index.php on line 174
[31-Jul-2025 13:01:57 UTC] PHP Warning:  preg_match(): Empty regular expression in /home/rbialozyt/VisualStudio-Zotero/index.php on line 174
[31-Jul-2025 13:13:52 UTC] PHP Fatal error:  Maximum execution time of 30 seconds exceeded in /home/rbialozyt/VisualStudio-Zotero/index.php on line 100
[31-Jul-2025 14:04:13 UTC] PHP Warning:  Undefined variable $bookTitle in /home/rbialozyt/VisualStudio-Zotero/index.php on line 179
[31-Jul-2025 14:04:13 UTC] PHP Warning:  Undefined variable $bookTitle in /home/rbialozyt/VisualStudio-Zotero/index.php on line 179
[31-Jul-2025 14:04:13 UTC] PHP Warning:  Undefined variable $bookTitle in /home/rbialozyt/VisualStudio-Zotero/index.php on line 179
[31-Jul-2025 14:04:13 UTC] PHP Warning:  Undefined variable $bookTitle in /home/rbialozyt/VisualStudio-Zotero/index.php on line 179
[31-Jul-2025 14:06:02 UTC] PHP Warning:  Undefined variable $booktitle in /home/rbialozyt/VisualStudio-Zotero/index.php on line 179
[31-Jul-2025 14:06:02 UTC] PHP Warning:  Undefined variable $booktitle in /home/rbialozyt/VisualStudio-Zotero/index.php on line 179
[31-Jul-2025 14:06:02 UTC] PHP Warning:  Undefined variable $booktitle in /home/rbialozyt/VisualStudio-Zotero/index.php on line 179
[31-Jul-2025 14:06:02 UTC] PHP Warning:  Undefined variable $booktitle in /home/rbialozyt/VisualStudio-Zotero/index.php on line 179
[31-Jul-2025 14:09:57 UTC] PHP Warning:  Undefined variable $BookTitle in /home/rbialozyt/VisualStudio-Zotero/index.php on line 179
[31-Jul-2025 14:09:57 UTC] PHP Warning:  Undefined variable $BookTitle in /home/rbialozyt/VisualStudio-Zotero/index.php on line 179
[31-Jul-2025 14:09:57 UTC] PHP Warning:  Undefined variable $BookTitle in /home/rbialozyt/VisualStudio-Zotero/index.php on line 179
[31-Jul-2025 14:09:57 UTC] PHP Warning:  Undefined variable $BookTitle in /home/rbialozyt/VisualStudio-Zotero/index.php on line 179
[31-Jul-2025 14:10:38 UTC] PHP Warning:  Undefined variable $bookTitle in /home/rbialozyt/VisualStudio-Zotero/index.php on line 179
[31-Jul-2025 14:10:38 UTC] PHP Warning:  Undefined variable $bookTitle in /home/rbialozyt/VisualStudio-Zotero/index.php on line 179
[31-Jul-2025 14:10:38 UTC] PHP Warning:  Undefined variable $bookTitle in /home/rbialozyt/VisualStudio-Zotero/index.php on line 179
[31-Jul-2025 14:10:38 UTC] PHP Warning:  Undefined variable $bookTitle in /home/rbialozyt/VisualStudio-Zotero/index.php on line 179
